<?xml version="1.0" encoding="UTF-8"?>
<testsuite name="com.mindex.challenge.service.impl.EmployeeServiceImplTest" tests="1" skipped="0" failures="0" errors="0" timestamp="2023-09-13T19:02:23" hostname="linux" time="0.478">
  <properties/>
  <testcase name="testReportingEmployees" classname="com.mindex.challenge.service.impl.EmployeeServiceImplTest" time="0.478"/>
  <system-out><![CDATA[15:02:20.367 [Test worker] DEBUG org.springframework.test.context.junit4.SpringJUnit4ClassRunner - SpringJUnit4ClassRunner constructor called with [class com.mindex.challenge.service.impl.EmployeeServiceImplTest]
15:02:20.375 [Test worker] DEBUG org.springframework.test.context.BootstrapUtils - Instantiating CacheAwareContextLoaderDelegate from class [org.springframework.test.context.cache.DefaultCacheAwareContextLoaderDelegate]
15:02:20.384 [Test worker] DEBUG org.springframework.test.context.BootstrapUtils - Instantiating BootstrapContext using constructor [public org.springframework.test.context.support.DefaultBootstrapContext(java.lang.Class,org.springframework.test.context.CacheAwareContextLoaderDelegate)]
15:02:20.418 [Test worker] DEBUG org.springframework.test.context.BootstrapUtils - Instantiating TestContextBootstrapper for test class [com.mindex.challenge.service.impl.EmployeeServiceImplTest] from class [org.springframework.boot.test.context.SpringBootTestContextBootstrapper]
15:02:20.431 [Test worker] INFO org.springframework.boot.test.context.SpringBootTestContextBootstrapper - Neither @ContextConfiguration nor @ContextHierarchy found for test class [com.mindex.challenge.service.impl.EmployeeServiceImplTest], using SpringBootContextLoader
15:02:20.436 [Test worker] DEBUG org.springframework.test.context.support.AbstractContextLoader - Did not detect default resource location for test class [com.mindex.challenge.service.impl.EmployeeServiceImplTest]: class path resource [com/mindex/challenge/service/impl/EmployeeServiceImplTest-context.xml] does not exist
15:02:20.437 [Test worker] DEBUG org.springframework.test.context.support.AbstractContextLoader - Did not detect default resource location for test class [com.mindex.challenge.service.impl.EmployeeServiceImplTest]: class path resource [com/mindex/challenge/service/impl/EmployeeServiceImplTestContext.groovy] does not exist
15:02:20.437 [Test worker] INFO org.springframework.test.context.support.AbstractContextLoader - Could not detect default resource locations for test class [com.mindex.challenge.service.impl.EmployeeServiceImplTest]: no resource found for suffixes {-context.xml, Context.groovy}.
15:02:20.438 [Test worker] INFO org.springframework.test.context.support.AnnotationConfigContextLoaderUtils - Could not detect default configuration classes for test class [com.mindex.challenge.service.impl.EmployeeServiceImplTest]: EmployeeServiceImplTest does not declare any static, non-private, non-final, nested classes annotated with @Configuration.
15:02:20.482 [Test worker] DEBUG org.springframework.test.context.support.ActiveProfilesUtils - Could not find an 'annotation declaring class' for annotation type [org.springframework.test.context.ActiveProfiles] and class [com.mindex.challenge.service.impl.EmployeeServiceImplTest]
15:02:20.548 [Test worker] DEBUG org.springframework.context.annotation.ClassPathScanningCandidateComponentProvider - Identified candidate component class: file [/home/linux/Downloads/mindex-java-code-challenge/build/classes/java/main/com/mindex/challenge/ChallengeApplication.class]
15:02:20.550 [Test worker] INFO org.springframework.boot.test.context.SpringBootTestContextBootstrapper - Found @SpringBootConfiguration com.mindex.challenge.ChallengeApplication for test class com.mindex.challenge.service.impl.EmployeeServiceImplTest
15:02:20.623 [Test worker] DEBUG org.springframework.boot.test.context.SpringBootTestContextBootstrapper - @TestExecutionListeners is not present for class [com.mindex.challenge.service.impl.EmployeeServiceImplTest]: using defaults.
15:02:20.624 [Test worker] INFO org.springframework.boot.test.context.SpringBootTestContextBootstrapper - Loaded default TestExecutionListener class names from location [META-INF/spring.factories]: [org.springframework.boot.test.autoconfigure.restdocs.RestDocsTestExecutionListener, org.springframework.boot.test.autoconfigure.web.client.MockRestServiceServerResetTestExecutionListener, org.springframework.boot.test.autoconfigure.web.servlet.MockMvcPrintOnlyOnFailureTestExecutionListener, org.springframework.boot.test.autoconfigure.web.servlet.WebDriverTestExecutionListener, org.springframework.boot.test.mock.mockito.MockitoTestExecutionListener, org.springframework.boot.test.mock.mockito.ResetMocksTestExecutionListener, org.springframework.test.context.web.ServletTestExecutionListener, org.springframework.test.context.support.DirtiesContextBeforeModesTestExecutionListener, org.springframework.test.context.support.DependencyInjectionTestExecutionListener, org.springframework.test.context.support.DirtiesContextTestExecutionListener, org.springframework.test.context.transaction.TransactionalTestExecutionListener, org.springframework.test.context.jdbc.SqlScriptsTestExecutionListener, org.springframework.test.context.event.EventPublishingTestExecutionListener]
15:02:20.639 [Test worker] INFO org.springframework.boot.test.context.SpringBootTestContextBootstrapper - Using TestExecutionListeners: [org.springframework.test.context.web.ServletTestExecutionListener@55fc6c74, org.springframework.test.context.support.DirtiesContextBeforeModesTestExecutionListener@358f706c, org.springframework.boot.test.mock.mockito.MockitoTestExecutionListener@2a9391f1, org.springframework.boot.test.autoconfigure.SpringBootDependencyInjectionTestExecutionListener@1cdf0e1e, org.springframework.test.context.support.DirtiesContextTestExecutionListener@2af64e3d, org.springframework.test.context.transaction.TransactionalTestExecutionListener@6434571f, org.springframework.test.context.jdbc.SqlScriptsTestExecutionListener@529e4e71, org.springframework.test.context.event.EventPublishingTestExecutionListener@365515c2, org.springframework.boot.test.autoconfigure.restdocs.RestDocsTestExecutionListener@2e4a3293, org.springframework.boot.test.autoconfigure.web.client.MockRestServiceServerResetTestExecutionListener@688004ea, org.springframework.boot.test.autoconfigure.web.servlet.MockMvcPrintOnlyOnFailureTestExecutionListener@48cd324d, org.springframework.boot.test.autoconfigure.web.servlet.WebDriverTestExecutionListener@56a8c593, org.springframework.boot.test.mock.mockito.ResetMocksTestExecutionListener@2989ab7f]
15:02:20.643 [Test worker] DEBUG org.springframework.test.annotation.ProfileValueUtils - Retrieved @ProfileValueSourceConfiguration [null] for test class [com.mindex.challenge.service.impl.EmployeeServiceImplTest]
15:02:20.644 [Test worker] DEBUG org.springframework.test.annotation.ProfileValueUtils - Retrieved ProfileValueSource type [class org.springframework.test.annotation.SystemProfileValueSource] for class [com.mindex.challenge.service.impl.EmployeeServiceImplTest]
15:02:20.648 [Test worker] DEBUG org.springframework.test.annotation.ProfileValueUtils - Retrieved @ProfileValueSourceConfiguration [null] for test class [com.mindex.challenge.service.impl.EmployeeServiceImplTest]
15:02:20.649 [Test worker] DEBUG org.springframework.test.annotation.ProfileValueUtils - Retrieved ProfileValueSource type [class org.springframework.test.annotation.SystemProfileValueSource] for class [com.mindex.challenge.service.impl.EmployeeServiceImplTest]
15:02:20.649 [Test worker] DEBUG org.springframework.test.annotation.ProfileValueUtils - Retrieved @ProfileValueSourceConfiguration [null] for test class [com.mindex.challenge.service.impl.EmployeeServiceImplTest]
15:02:20.650 [Test worker] DEBUG org.springframework.test.annotation.ProfileValueUtils - Retrieved ProfileValueSource type [class org.springframework.test.annotation.SystemProfileValueSource] for class [com.mindex.challenge.service.impl.EmployeeServiceImplTest]
15:02:20.653 [Test worker] DEBUG org.springframework.test.context.support.AbstractDirtiesContextTestExecutionListener - Before test class: context [DefaultTestContext@52da051e testClass = EmployeeServiceImplTest, testInstance = [null], testMethod = [null], testException = [null], mergedContextConfiguration = [WebMergedContextConfiguration@7d43f5e testClass = EmployeeServiceImplTest, locations = '{}', classes = '{class com.mindex.challenge.ChallengeApplication}', contextInitializerClasses = '[]', activeProfiles = '{}', propertySourceLocations = '{}', propertySourceProperties = '{org.springframework.boot.test.context.SpringBootTestContextBootstrapper=true, server.port=0}', contextCustomizers = set[org.springframework.boot.test.autoconfigure.properties.PropertyMappingContextCustomizer@0, org.springframework.boot.test.autoconfigure.web.servlet.WebDriverContextCustomizerFactory$Customizer@6479e695, org.springframework.boot.test.context.filter.ExcludeFilterContextCustomizer@6616ac1b, org.springframework.boot.test.json.DuplicateJsonObjectContextCustomizerFactory$DuplicateJsonObjectContextCustomizer@34cfe273, org.springframework.boot.test.mock.mockito.MockitoContextCustomizer@0, org.springframework.boot.test.web.client.TestRestTemplateContextCustomizer@69569356], resourceBasePath = 'src/main/webapp', contextLoader = 'org.springframework.boot.test.context.SpringBootContextLoader', parent = [null]], attributes = map['org.springframework.test.context.web.ServletTestExecutionListener.activateListener' -> false]], class annotated with @DirtiesContext [false] with mode [null].
15:02:20.655 [Test worker] DEBUG org.springframework.test.annotation.ProfileValueUtils - Retrieved @ProfileValueSourceConfiguration [null] for test class [com.mindex.challenge.service.impl.EmployeeServiceImplTest]
15:02:20.655 [Test worker] DEBUG org.springframework.test.annotation.ProfileValueUtils - Retrieved ProfileValueSource type [class org.springframework.test.annotation.SystemProfileValueSource] for class [com.mindex.challenge.service.impl.EmployeeServiceImplTest]
15:02:20.659 [Test worker] DEBUG org.springframework.test.context.support.DependencyInjectionTestExecutionListener - Performing dependency injection for test context [[DefaultTestContext@52da051e testClass = EmployeeServiceImplTest, testInstance = com.mindex.challenge.service.impl.EmployeeServiceImplTest@3d8ddec2, testMethod = [null], testException = [null], mergedContextConfiguration = [WebMergedContextConfiguration@7d43f5e testClass = EmployeeServiceImplTest, locations = '{}', classes = '{class com.mindex.challenge.ChallengeApplication}', contextInitializerClasses = '[]', activeProfiles = '{}', propertySourceLocations = '{}', propertySourceProperties = '{org.springframework.boot.test.context.SpringBootTestContextBootstrapper=true, server.port=0}', contextCustomizers = set[org.springframework.boot.test.autoconfigure.properties.PropertyMappingContextCustomizer@0, org.springframework.boot.test.autoconfigure.web.servlet.WebDriverContextCustomizerFactory$Customizer@6479e695, org.springframework.boot.test.context.filter.ExcludeFilterContextCustomizer@6616ac1b, org.springframework.boot.test.json.DuplicateJsonObjectContextCustomizerFactory$DuplicateJsonObjectContextCustomizer@34cfe273, org.springframework.boot.test.mock.mockito.MockitoContextCustomizer@0, org.springframework.boot.test.web.client.TestRestTemplateContextCustomizer@69569356], resourceBasePath = 'src/main/webapp', contextLoader = 'org.springframework.boot.test.context.SpringBootContextLoader', parent = [null]], attributes = map['org.springframework.test.context.web.ServletTestExecutionListener.activateListener' -> false]]].
15:02:20.675 [Test worker] DEBUG org.springframework.test.context.support.TestPropertySourceUtils - Adding inlined properties to environment: {spring.jmx.enabled=false, org.springframework.boot.test.context.SpringBootTestContextBootstrapper=true, server.port=0}

  .   ____          _            __ _ _
 /\\ / ___'_ __ _ _(_)_ __  __ _ \ \ \ \
( ( )\___ | '_ | '_| | '_ \/ _` | \ \ \ \
 \\/  ___)| |_)| | | | | || (_| |  ) ) ) )
  '  |____| .__|_| |_|_| |_\__, | / / / /
 =========|_|==============|___/=/_/_/_/
 :: Spring Boot ::        (v2.2.0.RELEASE)

2023-09-13 15:02:20.960  INFO 145995 --- [    Test worker] c.m.c.s.impl.EmployeeServiceImplTest     : Starting EmployeeServiceImplTest on linux with PID 145995 (started by linux in /home/linux/Downloads/mindex-java-code-challenge)
2023-09-13 15:02:20.961 DEBUG 145995 --- [    Test worker] c.m.c.s.impl.EmployeeServiceImplTest     : Running with Spring Boot v2.2.0.RELEASE, Spring v5.2.0.RELEASE
2023-09-13 15:02:20.962  INFO 145995 --- [    Test worker] c.m.c.s.impl.EmployeeServiceImplTest     : No active profile set, falling back to default profiles: default
2023-09-13 15:02:21.350  INFO 145995 --- [    Test worker] .s.d.r.c.RepositoryConfigurationDelegate : Bootstrapping Spring Data repositories in DEFAULT mode.
2023-09-13 15:02:21.398  INFO 145995 --- [    Test worker] .s.d.r.c.RepositoryConfigurationDelegate : Finished Spring Data repository scanning in 42ms. Found 2 repository interfaces.
2023-09-13 15:02:22.047  INFO 145995 --- [    Test worker] o.s.b.w.embedded.tomcat.TomcatWebServer  : Tomcat initialized with port(s): 0 (http)
2023-09-13 15:02:22.057  INFO 145995 --- [    Test worker] o.apache.catalina.core.StandardService   : Starting service [Tomcat]
2023-09-13 15:02:22.057  INFO 145995 --- [    Test worker] org.apache.catalina.core.StandardEngine  : Starting Servlet engine: [Apache Tomcat/9.0.27]
2023-09-13 15:02:22.132  INFO 145995 --- [    Test worker] o.a.c.c.C.[Tomcat].[localhost].[/]       : Initializing Spring embedded WebApplicationContext
2023-09-13 15:02:22.133  INFO 145995 --- [    Test worker] o.s.web.context.ContextLoader            : Root WebApplicationContext: initialization completed in 1151 ms
2023-09-13 15:02:22.373  INFO 145995 --- [    Test worker] de.bwaldvogel.mongo.MongoServer          : started MongoServer(port: 33519, ssl: false)
2023-09-13 15:02:22.432  INFO 145995 --- [    Test worker] org.mongodb.driver.cluster               : Cluster created with settings {hosts=[127.0.0.1:33519], mode=SINGLE, requiredClusterType=UNKNOWN, serverSelectionTimeout='30000 ms', maxWaitQueueSize=500}
2023-09-13 15:02:22.478  INFO 145995 --- [-server-worker1] d.b.mongo.wire.MongoWireProtocolHandler  : client [id: 0xf397cd26, L:/127.0.0.1:33519 - R:/127.0.0.1:51940] connected
2023-09-13 15:02:22.534  WARN 145995 --- [    Test worker] o.s.data.convert.CustomConversions       : Registering converter from class java.time.LocalDateTime to class java.time.Instant as reading converter although it doesn't convert from a store-supported type! You might wanna check you annotation setup at the converter implementation.
2023-09-13 15:02:22.534  WARN 145995 --- [    Test worker] o.s.data.convert.CustomConversions       : Registering converter from class java.time.Instant to class java.time.LocalDateTime as reading converter although it doesn't convert from a store-supported type! You might wanna check you annotation setup at the converter implementation.
2023-09-13 15:02:22.540  WARN 145995 --- [    Test worker] o.s.data.convert.CustomConversions       : Registering converter from class java.time.LocalDateTime to class java.time.Instant as reading converter although it doesn't convert from a store-supported type! You might wanna check you annotation setup at the converter implementation.
2023-09-13 15:02:22.541  WARN 145995 --- [    Test worker] o.s.data.convert.CustomConversions       : Registering converter from class java.time.Instant to class java.time.LocalDateTime as reading converter although it doesn't convert from a store-supported type! You might wanna check you annotation setup at the converter implementation.
2023-09-13 15:02:22.542  INFO 145995 --- [127.0.0.1:33519] org.mongodb.driver.connection            : Opened connection [connectionId{localValue:1}] to 127.0.0.1:33519
2023-09-13 15:02:22.545  INFO 145995 --- [127.0.0.1:33519] org.mongodb.driver.cluster               : Monitor thread successfully connected to server with description ServerDescription{address=127.0.0.1:33519, type=STANDALONE, state=CONNECTED, ok=true, version=ServerVersion{versionList=[3, 0, 0]}, minWireVersion=0, maxWireVersion=2, maxDocumentSize=16777216, logicalSessionTimeoutMinutes=null, roundTripTimeNanos=1976989}
2023-09-13 15:02:22.874  INFO 145995 --- [-server-worker2] d.b.mongo.wire.MongoWireProtocolHandler  : client [id: 0x1134e3f7, L:/127.0.0.1:33519 - R:/127.0.0.1:51946] connected
2023-09-13 15:02:22.886  INFO 145995 --- [    Test worker] org.mongodb.driver.connection            : Opened connection [connectionId{localValue:2}] to 127.0.0.1:33519
2023-09-13 15:02:22.903  INFO 145995 --- [-server-worker2] d.b.mongo.backend.AbstractMongoBackend   : created database test
2023-09-13 15:02:22.912  INFO 145995 --- [-server-worker2] d.b.mongo.backend.AbstractMongoDatabase  : adding unique _id index for collection employee
2023-09-13 15:02:22.914  INFO 145995 --- [-server-worker2] d.b.mongo.backend.AbstractMongoDatabase  : created collection test.employee
2023-09-13 15:02:23.124  INFO 145995 --- [    Test worker] o.s.s.concurrent.ThreadPoolTaskExecutor  : Initializing ExecutorService 'applicationTaskExecutor'
2023-09-13 15:02:23.296  WARN 145995 --- [    Test worker] o.s.data.convert.CustomConversions       : Registering converter from class java.time.LocalDateTime to class java.time.Instant as reading converter although it doesn't convert from a store-supported type! You might wanna check you annotation setup at the converter implementation.
2023-09-13 15:02:23.297  WARN 145995 --- [    Test worker] o.s.data.convert.CustomConversions       : Registering converter from class java.time.Instant to class java.time.LocalDateTime as reading converter although it doesn't convert from a store-supported type! You might wanna check you annotation setup at the converter implementation.
2023-09-13 15:02:23.318  WARN 145995 --- [    Test worker] o.s.data.convert.CustomConversions       : Registering converter from class java.time.LocalDateTime to class java.time.Instant as reading converter although it doesn't convert from a store-supported type! You might wanna check you annotation setup at the converter implementation.
2023-09-13 15:02:23.319  WARN 145995 --- [    Test worker] o.s.data.convert.CustomConversions       : Registering converter from class java.time.Instant to class java.time.LocalDateTime as reading converter although it doesn't convert from a store-supported type! You might wanna check you annotation setup at the converter implementation.
2023-09-13 15:02:23.402  INFO 145995 --- [    Test worker] o.s.b.w.embedded.tomcat.TomcatWebServer  : Tomcat started on port(s): 46105 (http) with context path ''
2023-09-13 15:02:23.405  INFO 145995 --- [    Test worker] c.m.c.s.impl.EmployeeServiceImplTest     : Started EmployeeServiceImplTest in 2.726 seconds (JVM running for 3.561)
2023-09-13 15:02:23.750  INFO 145995 --- [o-auto-1-exec-1] o.a.c.c.C.[Tomcat].[localhost].[/]       : Initializing Spring DispatcherServlet 'dispatcherServlet'
2023-09-13 15:02:23.750  INFO 145995 --- [o-auto-1-exec-1] o.s.web.servlet.DispatcherServlet        : Initializing Servlet 'dispatcherServlet'
2023-09-13 15:02:23.765  INFO 145995 --- [o-auto-1-exec-1] o.s.web.servlet.DispatcherServlet        : Completed initialization in 15 ms
2023-09-13 15:02:23.794 DEBUG 145995 --- [o-auto-1-exec-1] c.m.c.controller.EmployeeController      : Received direct report GET request for id [1]
2023-09-13 15:02:23.794 DEBUG 145995 --- [o-auto-1-exec-1] c.m.c.service.impl.EmployeeServiceImpl   : Retrieving direct reports for employee [1]
2023-09-13 15:02:23.794 DEBUG 145995 --- [o-auto-1-exec-1] c.m.c.service.impl.EmployeeServiceImpl   : Reading employee with id [1]
2023-09-13 15:02:23.834 DEBUG 145995 --- [o-auto-1-exec-1] c.m.c.service.impl.EmployeeServiceImpl   : Employee [1] reached with [2] direct reports
2023-09-13 15:02:23.834 DEBUG 145995 --- [o-auto-1-exec-1] c.m.c.service.impl.EmployeeServiceImpl   : Searching employee:[1] --> Direct report: [2]
2023-09-13 15:02:23.836 DEBUG 145995 --- [o-auto-1-exec-1] c.m.c.service.impl.EmployeeServiceImpl   : Employee [2] reached with [0] direct reports
2023-09-13 15:02:23.836 DEBUG 145995 --- [o-auto-1-exec-1] c.m.c.service.impl.EmployeeServiceImpl   : Searching employee:[1] --> Direct report: [3]
2023-09-13 15:02:23.838 DEBUG 145995 --- [o-auto-1-exec-1] c.m.c.service.impl.EmployeeServiceImpl   : Employee [3] reached with [1] direct reports
2023-09-13 15:02:23.838 DEBUG 145995 --- [o-auto-1-exec-1] c.m.c.service.impl.EmployeeServiceImpl   : Searching employee:[3] --> Direct report: [4]
2023-09-13 15:02:23.840 DEBUG 145995 --- [o-auto-1-exec-1] c.m.c.service.impl.EmployeeServiceImpl   : Employee [4] reached with [0] direct reports
2023-09-13 15:02:23.840 DEBUG 145995 --- [o-auto-1-exec-1] c.m.c.service.impl.EmployeeServiceImpl   : Report Count for employee [1]: [3]
2023-09-13 15:02:23.870 DEBUG 145995 --- [o-auto-1-exec-2] c.m.c.controller.EmployeeController      : Received direct report GET request for id [3]
2023-09-13 15:02:23.870 DEBUG 145995 --- [o-auto-1-exec-2] c.m.c.service.impl.EmployeeServiceImpl   : Retrieving direct reports for employee [3]
2023-09-13 15:02:23.870 DEBUG 145995 --- [o-auto-1-exec-2] c.m.c.service.impl.EmployeeServiceImpl   : Reading employee with id [3]
2023-09-13 15:02:23.874 DEBUG 145995 --- [o-auto-1-exec-2] c.m.c.service.impl.EmployeeServiceImpl   : Employee [3] reached with [1] direct reports
2023-09-13 15:02:23.874 DEBUG 145995 --- [o-auto-1-exec-2] c.m.c.service.impl.EmployeeServiceImpl   : Searching employee:[3] --> Direct report: [4]
2023-09-13 15:02:23.876 DEBUG 145995 --- [o-auto-1-exec-2] c.m.c.service.impl.EmployeeServiceImpl   : Employee [4] reached with [0] direct reports
2023-09-13 15:02:23.876 DEBUG 145995 --- [o-auto-1-exec-2] c.m.c.service.impl.EmployeeServiceImpl   : Report Count for employee [3]: [1]
2023-09-13 15:02:23.880 DEBUG 145995 --- [o-auto-1-exec-3] c.m.c.controller.EmployeeController      : Received direct report GET request for id [4]
2023-09-13 15:02:23.880 DEBUG 145995 --- [o-auto-1-exec-3] c.m.c.service.impl.EmployeeServiceImpl   : Retrieving direct reports for employee [4]
2023-09-13 15:02:23.880 DEBUG 145995 --- [o-auto-1-exec-3] c.m.c.service.impl.EmployeeServiceImpl   : Reading employee with id [4]
2023-09-13 15:02:23.885 DEBUG 145995 --- [o-auto-1-exec-3] c.m.c.service.impl.EmployeeServiceImpl   : Employee [4] reached with [0] direct reports
2023-09-13 15:02:23.885 DEBUG 145995 --- [o-auto-1-exec-3] c.m.c.service.impl.EmployeeServiceImpl   : Report Count for employee [4]: [0]
]]></system-out>
  <system-err><![CDATA[]]></system-err>
</testsuite>
